2021-06-30 14:13:10 [INFO ] [StartupInfoLogger.java]logStarting(55) : Starting BlogApplication using Java 1.8.0_292 on DESKTOP-1LJLV0R with PID 7328 (C:\Users\uk959\IdeaProjects\blog\build\classes\java\main started by uk959 in C:\Users\uk959\IdeaProjects\blog)
2021-06-30 14:13:10 [INFO ] [SpringApplication.java]logStartupProfileInfo(663) : No active profile set, falling back to default profiles: default
2021-06-30 14:13:12 [WARN ] [Logger.java]warn(44) : No MyBatis mapper was found in '[com.blog.mapper.*]' package. Please check your configuration.
2021-06-30 14:13:13 [WARN ] [Logger.java]warn(44) : Property 'mapperLocations' was specified but matching resources are not found.
2021-06-30 14:13:14 [INFO ] [StartupInfoLogger.java]logStarted(61) : Started BlogApplication in 5.239 seconds (JVM running for 7.991)
2021-06-30 14:14:12 [INFO ] [ErrorExceptionConfig.java]handleError(33) : ########## ERROR!!! ##########
2021-06-30 14:14:12 [INFO ] [ErrorExceptionConfig.java]handleError(34) : 에러 구분  : 404
2021-06-30 14:14:12 [INFO ] [ErrorExceptionConfig.java]handleError(35) : 발생일     : 20210630 02:14
2021-06-30 14:14:12 [INFO ] [ErrorExceptionConfig.java]handleError(36) : ##############################
2021-06-30 14:49:40 [INFO ] [ErrorExceptionConfig.java]handleError(33) : ########## ERROR!!! ##########
2021-06-30 14:49:40 [INFO ] [ErrorExceptionConfig.java]handleError(34) : 에러 구분  : 404
2021-06-30 14:49:40 [INFO ] [ErrorExceptionConfig.java]handleError(35) : 발생일     : 20210630 02:49
2021-06-30 14:49:40 [INFO ] [ErrorExceptionConfig.java]handleError(36) : ##############################
2021-06-30 15:25:44 [INFO ] [StartupInfoLogger.java]logStarting(55) : Starting BlogApplication using Java 1.8.0_292 on DESKTOP-1LJLV0R with PID 20752 (C:\Users\uk959\IdeaProjects\blog\build\classes\java\main started by uk959 in C:\Users\uk959\IdeaProjects\blog)
2021-06-30 15:25:44 [INFO ] [SpringApplication.java]logStartupProfileInfo(663) : No active profile set, falling back to default profiles: default
2021-06-30 15:25:45 [WARN ] [Logger.java]warn(44) : No MyBatis mapper was found in '[com.blog.mapper.*]' package. Please check your configuration.
2021-06-30 15:25:45 [WARN ] [Logger.java]warn(44) : Property 'mapperLocations' was specified but matching resources are not found.
2021-06-30 15:25:46 [INFO ] [StartupInfoLogger.java]logStarted(61) : Started BlogApplication in 2.856 seconds (JVM running for 6.319)
2021-06-30 15:29:17 [INFO ] [ErrorExceptionConfig.java]handleError(33) : ########## ERROR!!! ##########
2021-06-30 15:29:17 [INFO ] [ErrorExceptionConfig.java]handleError(34) : 에러 구분  : 404
2021-06-30 15:29:17 [INFO ] [ErrorExceptionConfig.java]handleError(35) : 발생일     : 20210630 03:29
2021-06-30 15:29:17 [INFO ] [ErrorExceptionConfig.java]handleError(36) : ##############################
2021-06-30 15:29:17 [INFO ] [ErrorExceptionConfig.java]handleError(33) : ########## ERROR!!! ##########
2021-06-30 15:29:17 [INFO ] [ErrorExceptionConfig.java]handleError(34) : 에러 구분  : 404
2021-06-30 15:29:17 [INFO ] [ErrorExceptionConfig.java]handleError(35) : 발생일     : 20210630 03:29
2021-06-30 15:29:17 [INFO ] [ErrorExceptionConfig.java]handleError(36) : ##############################
2021-06-30 15:29:17 [INFO ] [ErrorExceptionConfig.java]handleError(33) : ########## ERROR!!! ##########
2021-06-30 15:29:17 [INFO ] [ErrorExceptionConfig.java]handleError(34) : 에러 구분  : 404
2021-06-30 15:29:17 [INFO ] [ErrorExceptionConfig.java]handleError(35) : 발생일     : 20210630 03:29
2021-06-30 15:29:17 [INFO ] [ErrorExceptionConfig.java]handleError(36) : ##############################
2021-06-30 15:29:17 [INFO ] [ErrorExceptionConfig.java]handleError(33) : ########## ERROR!!! ##########
2021-06-30 15:29:17 [INFO ] [ErrorExceptionConfig.java]handleError(34) : 에러 구분  : 404
2021-06-30 15:29:17 [INFO ] [ErrorExceptionConfig.java]handleError(35) : 발생일     : 20210630 03:29
2021-06-30 15:29:17 [INFO ] [ErrorExceptionConfig.java]handleError(36) : ##############################
2021-06-30 15:29:18 [INFO ] [ErrorExceptionConfig.java]handleError(33) : ########## ERROR!!! ##########
2021-06-30 15:29:18 [INFO ] [ErrorExceptionConfig.java]handleError(34) : 에러 구분  : 404
2021-06-30 15:29:18 [INFO ] [ErrorExceptionConfig.java]handleError(35) : 발생일     : 20210630 03:29
2021-06-30 15:29:18 [INFO ] [ErrorExceptionConfig.java]handleError(36) : ##############################
2021-06-30 15:29:38 [INFO ] [ErrorExceptionConfig.java]handleError(33) : ########## ERROR!!! ##########
2021-06-30 15:29:38 [INFO ] [ErrorExceptionConfig.java]handleError(34) : 에러 구분  : 404
2021-06-30 15:29:38 [INFO ] [ErrorExceptionConfig.java]handleError(35) : 발생일     : 20210630 03:29
2021-06-30 15:29:38 [INFO ] [ErrorExceptionConfig.java]handleError(36) : ##############################
2021-06-30 15:29:38 [INFO ] [ErrorExceptionConfig.java]handleError(33) : ########## ERROR!!! ##########
2021-06-30 15:29:38 [INFO ] [ErrorExceptionConfig.java]handleError(34) : 에러 구분  : 404
2021-06-30 15:29:38 [INFO ] [ErrorExceptionConfig.java]handleError(35) : 발생일     : 20210630 03:29
2021-06-30 15:29:38 [INFO ] [ErrorExceptionConfig.java]handleError(36) : ##############################
2021-06-30 15:29:38 [INFO ] [ErrorExceptionConfig.java]handleError(33) : ########## ERROR!!! ##########
2021-06-30 15:29:38 [INFO ] [ErrorExceptionConfig.java]handleError(34) : 에러 구분  : 404
2021-06-30 15:29:38 [INFO ] [ErrorExceptionConfig.java]handleError(35) : 발생일     : 20210630 03:29
2021-06-30 15:29:38 [INFO ] [ErrorExceptionConfig.java]handleError(36) : ##############################
2021-06-30 15:29:38 [INFO ] [ErrorExceptionConfig.java]handleError(33) : ########## ERROR!!! ##########
2021-06-30 15:29:38 [INFO ] [ErrorExceptionConfig.java]handleError(34) : 에러 구분  : 404
2021-06-30 15:29:38 [INFO ] [ErrorExceptionConfig.java]handleError(35) : 발생일     : 20210630 03:29
2021-06-30 15:29:38 [INFO ] [ErrorExceptionConfig.java]handleError(36) : ##############################
2021-06-30 15:29:38 [INFO ] [ErrorExceptionConfig.java]handleError(33) : ########## ERROR!!! ##########
2021-06-30 15:29:38 [INFO ] [ErrorExceptionConfig.java]handleError(34) : 에러 구분  : 404
2021-06-30 15:29:38 [INFO ] [ErrorExceptionConfig.java]handleError(35) : 발생일     : 20210630 03:29
2021-06-30 15:29:38 [INFO ] [ErrorExceptionConfig.java]handleError(36) : ##############################
2021-06-30 15:35:18 [INFO ] [StartupInfoLogger.java]logStarting(55) : Starting BlogApplication using Java 1.8.0_292 on DESKTOP-1LJLV0R with PID 28900 (C:\Users\uk959\IdeaProjects\blog\build\classes\java\main started by uk959 in C:\Users\uk959\IdeaProjects\blog)
2021-06-30 15:35:18 [INFO ] [SpringApplication.java]logStartupProfileInfo(663) : No active profile set, falling back to default profiles: default
2021-06-30 15:35:19 [WARN ] [Logger.java]warn(44) : No MyBatis mapper was found in '[com.blog.mapper.*]' package. Please check your configuration.
2021-06-30 15:35:19 [WARN ] [Logger.java]warn(44) : Property 'mapperLocations' was specified but matching resources are not found.
2021-06-30 15:35:20 [INFO ] [StartupInfoLogger.java]logStarted(61) : Started BlogApplication in 2.699 seconds (JVM running for 4.092)
2021-06-30 15:35:24 [INFO ] [ErrorExceptionConfig.java]handleError(33) : ########## ERROR!!! ##########
2021-06-30 15:35:24 [INFO ] [ErrorExceptionConfig.java]handleError(34) : 에러 구분  : 404
2021-06-30 15:35:24 [INFO ] [ErrorExceptionConfig.java]handleError(35) : 발생일     : 20210630 03:35
2021-06-30 15:35:24 [INFO ] [ErrorExceptionConfig.java]handleError(36) : ##############################
2021-06-30 15:35:24 [INFO ] [ErrorExceptionConfig.java]handleError(33) : ########## ERROR!!! ##########
2021-06-30 15:35:24 [INFO ] [ErrorExceptionConfig.java]handleError(34) : 에러 구분  : 404
2021-06-30 15:35:24 [INFO ] [ErrorExceptionConfig.java]handleError(35) : 발생일     : 20210630 03:35
2021-06-30 15:35:24 [INFO ] [ErrorExceptionConfig.java]handleError(36) : ##############################
2021-06-30 15:35:24 [INFO ] [ErrorExceptionConfig.java]handleError(33) : ########## ERROR!!! ##########
2021-06-30 15:35:24 [INFO ] [ErrorExceptionConfig.java]handleError(34) : 에러 구분  : 404
2021-06-30 15:35:24 [INFO ] [ErrorExceptionConfig.java]handleError(35) : 발생일     : 20210630 03:35
2021-06-30 15:35:24 [INFO ] [ErrorExceptionConfig.java]handleError(36) : ##############################
2021-06-30 15:35:25 [INFO ] [ErrorExceptionConfig.java]handleError(33) : ########## ERROR!!! ##########
2021-06-30 15:35:25 [INFO ] [ErrorExceptionConfig.java]handleError(34) : 에러 구분  : 404
2021-06-30 15:35:25 [INFO ] [ErrorExceptionConfig.java]handleError(35) : 발생일     : 20210630 03:35
2021-06-30 15:35:25 [INFO ] [ErrorExceptionConfig.java]handleError(36) : ##############################
2021-06-30 15:35:25 [INFO ] [ErrorExceptionConfig.java]handleError(33) : ########## ERROR!!! ##########
2021-06-30 15:35:25 [INFO ] [ErrorExceptionConfig.java]handleError(34) : 에러 구분  : 404
2021-06-30 15:35:25 [INFO ] [ErrorExceptionConfig.java]handleError(35) : 발생일     : 20210630 03:35
2021-06-30 15:35:25 [INFO ] [ErrorExceptionConfig.java]handleError(36) : ##############################
2021-06-30 15:35:58 [INFO ] [StartupInfoLogger.java]logStarting(55) : Starting BlogApplication using Java 1.8.0_292 on DESKTOP-1LJLV0R with PID 15744 (C:\Users\uk959\IdeaProjects\blog\build\classes\java\main started by uk959 in C:\Users\uk959\IdeaProjects\blog)
2021-06-30 15:35:58 [INFO ] [SpringApplication.java]logStartupProfileInfo(663) : No active profile set, falling back to default profiles: default
2021-06-30 15:35:59 [WARN ] [Logger.java]warn(44) : No MyBatis mapper was found in '[com.blog.mapper.*]' package. Please check your configuration.
2021-06-30 15:35:59 [WARN ] [Logger.java]warn(44) : Property 'mapperLocations' was specified but matching resources are not found.
2021-06-30 15:36:00 [INFO ] [StartupInfoLogger.java]logStarted(61) : Started BlogApplication in 2.515 seconds (JVM running for 3.887)
2021-06-30 15:36:08 [INFO ] [ErrorExceptionConfig.java]handleError(33) : ########## ERROR!!! ##########
2021-06-30 15:36:08 [INFO ] [ErrorExceptionConfig.java]handleError(34) : 에러 구분  : 404
2021-06-30 15:36:08 [INFO ] [ErrorExceptionConfig.java]handleError(35) : 발생일     : 20210630 03:36
2021-06-30 15:36:08 [INFO ] [ErrorExceptionConfig.java]handleError(36) : ##############################
2021-06-30 15:36:08 [INFO ] [ErrorExceptionConfig.java]handleError(33) : ########## ERROR!!! ##########
2021-06-30 15:36:08 [INFO ] [ErrorExceptionConfig.java]handleError(34) : 에러 구분  : 404
2021-06-30 15:36:08 [INFO ] [ErrorExceptionConfig.java]handleError(35) : 발생일     : 20210630 03:36
2021-06-30 15:36:08 [INFO ] [ErrorExceptionConfig.java]handleError(36) : ##############################
2021-06-30 15:36:08 [INFO ] [ErrorExceptionConfig.java]handleError(33) : ########## ERROR!!! ##########
2021-06-30 15:36:08 [INFO ] [ErrorExceptionConfig.java]handleError(33) : ########## ERROR!!! ##########
2021-06-30 15:36:08 [INFO ] [ErrorExceptionConfig.java]handleError(34) : 에러 구분  : 404
2021-06-30 15:36:08 [INFO ] [ErrorExceptionConfig.java]handleError(34) : 에러 구분  : 404
2021-06-30 15:36:08 [INFO ] [ErrorExceptionConfig.java]handleError(35) : 발생일     : 20210630 03:36
2021-06-30 15:36:08 [INFO ] [ErrorExceptionConfig.java]handleError(35) : 발생일     : 20210630 03:36
2021-06-30 15:36:08 [INFO ] [ErrorExceptionConfig.java]handleError(36) : ##############################
2021-06-30 15:36:08 [INFO ] [ErrorExceptionConfig.java]handleError(36) : ##############################
2021-06-30 15:36:08 [INFO ] [ErrorExceptionConfig.java]handleError(33) : ########## ERROR!!! ##########
2021-06-30 15:36:08 [INFO ] [ErrorExceptionConfig.java]handleError(34) : 에러 구분  : 404
2021-06-30 15:36:08 [INFO ] [ErrorExceptionConfig.java]handleError(35) : 발생일     : 20210630 03:36
2021-06-30 15:36:08 [INFO ] [ErrorExceptionConfig.java]handleError(36) : ##############################
2021-06-30 15:36:43 [INFO ] [StartupInfoLogger.java]logStarting(55) : Starting BlogApplication using Java 1.8.0_292 on DESKTOP-1LJLV0R with PID 3880 (C:\Users\uk959\IdeaProjects\blog\build\classes\java\main started by uk959 in C:\Users\uk959\IdeaProjects\blog)
2021-06-30 15:36:43 [INFO ] [SpringApplication.java]logStartupProfileInfo(663) : No active profile set, falling back to default profiles: default
2021-06-30 15:36:44 [WARN ] [Logger.java]warn(44) : No MyBatis mapper was found in '[com.blog.mapper.*]' package. Please check your configuration.
2021-06-30 15:36:44 [WARN ] [Logger.java]warn(44) : Property 'mapperLocations' was specified but matching resources are not found.
2021-06-30 15:36:45 [INFO ] [StartupInfoLogger.java]logStarted(61) : Started BlogApplication in 2.629 seconds (JVM running for 4.007)
2021-06-30 15:36:49 [INFO ] [ErrorExceptionConfig.java]handleError(33) : ########## ERROR!!! ##########
2021-06-30 15:36:49 [INFO ] [ErrorExceptionConfig.java]handleError(34) : 에러 구분  : 404
2021-06-30 15:36:49 [INFO ] [ErrorExceptionConfig.java]handleError(35) : 발생일     : 20210630 03:36
2021-06-30 15:36:49 [INFO ] [ErrorExceptionConfig.java]handleError(36) : ##############################
2021-06-30 15:36:49 [INFO ] [ErrorExceptionConfig.java]handleError(33) : ########## ERROR!!! ##########
2021-06-30 15:36:49 [INFO ] [ErrorExceptionConfig.java]handleError(34) : 에러 구분  : 404
2021-06-30 15:36:49 [INFO ] [ErrorExceptionConfig.java]handleError(35) : 발생일     : 20210630 03:36
2021-06-30 15:36:49 [INFO ] [ErrorExceptionConfig.java]handleError(36) : ##############################
2021-06-30 15:36:50 [INFO ] [ErrorExceptionConfig.java]handleError(33) : ########## ERROR!!! ##########
2021-06-30 15:36:50 [INFO ] [ErrorExceptionConfig.java]handleError(34) : 에러 구분  : 404
2021-06-30 15:36:50 [INFO ] [ErrorExceptionConfig.java]handleError(35) : 발생일     : 20210630 03:36
2021-06-30 15:36:50 [INFO ] [ErrorExceptionConfig.java]handleError(36) : ##############################
2021-06-30 15:36:50 [INFO ] [ErrorExceptionConfig.java]handleError(33) : ########## ERROR!!! ##########
2021-06-30 15:36:50 [INFO ] [ErrorExceptionConfig.java]handleError(34) : 에러 구분  : 404
2021-06-30 15:36:50 [INFO ] [ErrorExceptionConfig.java]handleError(35) : 발생일     : 20210630 03:36
2021-06-30 15:36:50 [INFO ] [ErrorExceptionConfig.java]handleError(36) : ##############################
2021-06-30 15:36:50 [INFO ] [ErrorExceptionConfig.java]handleError(33) : ########## ERROR!!! ##########
2021-06-30 15:36:50 [INFO ] [ErrorExceptionConfig.java]handleError(34) : 에러 구분  : 404
2021-06-30 15:36:50 [INFO ] [ErrorExceptionConfig.java]handleError(35) : 발생일     : 20210630 03:36
2021-06-30 15:36:50 [INFO ] [ErrorExceptionConfig.java]handleError(36) : ##############################
2021-06-30 15:37:57 [INFO ] [StartupInfoLogger.java]logStarting(55) : Starting BlogApplication using Java 1.8.0_292 on DESKTOP-1LJLV0R with PID 14736 (C:\Users\uk959\IdeaProjects\blog\build\classes\java\main started by uk959 in C:\Users\uk959\IdeaProjects\blog)
2021-06-30 15:37:57 [INFO ] [SpringApplication.java]logStartupProfileInfo(663) : No active profile set, falling back to default profiles: default
2021-06-30 15:37:58 [WARN ] [Logger.java]warn(44) : No MyBatis mapper was found in '[com.blog.mapper.*]' package. Please check your configuration.
2021-06-30 15:37:58 [WARN ] [Logger.java]warn(44) : Property 'mapperLocations' was specified but matching resources are not found.
2021-06-30 15:37:59 [INFO ] [StartupInfoLogger.java]logStarted(61) : Started BlogApplication in 2.618 seconds (JVM running for 4.197)
2021-06-30 15:38:27 [INFO ] [ErrorExceptionConfig.java]handleError(33) : ########## ERROR!!! ##########
2021-06-30 15:38:27 [INFO ] [ErrorExceptionConfig.java]handleError(34) : 에러 구분  : 404
2021-06-30 15:38:27 [INFO ] [ErrorExceptionConfig.java]handleError(35) : 발생일     : 20210630 03:38
2021-06-30 15:38:27 [INFO ] [ErrorExceptionConfig.java]handleError(36) : ##############################
2021-06-30 15:38:27 [INFO ] [ErrorExceptionConfig.java]handleError(33) : ########## ERROR!!! ##########
2021-06-30 15:38:27 [INFO ] [ErrorExceptionConfig.java]handleError(34) : 에러 구분  : 404
2021-06-30 15:38:27 [INFO ] [ErrorExceptionConfig.java]handleError(35) : 발생일     : 20210630 03:38
2021-06-30 15:38:27 [INFO ] [ErrorExceptionConfig.java]handleError(36) : ##############################
2021-06-30 15:38:27 [INFO ] [ErrorExceptionConfig.java]handleError(33) : ########## ERROR!!! ##########
2021-06-30 15:38:27 [INFO ] [ErrorExceptionConfig.java]handleError(34) : 에러 구분  : 404
2021-06-30 15:38:27 [INFO ] [ErrorExceptionConfig.java]handleError(35) : 발생일     : 20210630 03:38
2021-06-30 15:38:27 [INFO ] [ErrorExceptionConfig.java]handleError(36) : ##############################
2021-06-30 15:38:27 [INFO ] [ErrorExceptionConfig.java]handleError(33) : ########## ERROR!!! ##########
2021-06-30 15:38:27 [INFO ] [ErrorExceptionConfig.java]handleError(34) : 에러 구분  : 404
2021-06-30 15:38:27 [INFO ] [ErrorExceptionConfig.java]handleError(35) : 발생일     : 20210630 03:38
2021-06-30 15:38:27 [INFO ] [ErrorExceptionConfig.java]handleError(36) : ##############################
2021-06-30 15:38:27 [INFO ] [ErrorExceptionConfig.java]handleError(33) : ########## ERROR!!! ##########
2021-06-30 15:38:27 [INFO ] [ErrorExceptionConfig.java]handleError(34) : 에러 구분  : 404
2021-06-30 15:38:27 [INFO ] [ErrorExceptionConfig.java]handleError(35) : 발생일     : 20210630 03:38
2021-06-30 15:38:27 [INFO ] [ErrorExceptionConfig.java]handleError(36) : ##############################
2021-06-30 15:38:50 [INFO ] [StartupInfoLogger.java]logStarting(55) : Starting BlogApplication using Java 1.8.0_292 on DESKTOP-1LJLV0R with PID 28784 (C:\Users\uk959\IdeaProjects\blog\build\classes\java\main started by uk959 in C:\Users\uk959\IdeaProjects\blog)
2021-06-30 15:38:50 [INFO ] [SpringApplication.java]logStartupProfileInfo(663) : No active profile set, falling back to default profiles: default
2021-06-30 15:38:51 [WARN ] [Logger.java]warn(44) : No MyBatis mapper was found in '[com.blog.mapper.*]' package. Please check your configuration.
2021-06-30 15:38:52 [WARN ] [Logger.java]warn(44) : Property 'mapperLocations' was specified but matching resources are not found.
2021-06-30 15:38:53 [INFO ] [StartupInfoLogger.java]logStarted(61) : Started BlogApplication in 2.678 seconds (JVM running for 4.037)
2021-06-30 15:38:56 [INFO ] [ErrorExceptionConfig.java]handleError(33) : ########## ERROR!!! ##########
2021-06-30 15:38:56 [INFO ] [ErrorExceptionConfig.java]handleError(34) : 에러 구분  : 404
2021-06-30 15:38:56 [INFO ] [ErrorExceptionConfig.java]handleError(35) : 발생일     : 20210630 03:38
2021-06-30 15:38:56 [INFO ] [ErrorExceptionConfig.java]handleError(36) : ##############################
2021-06-30 15:38:56 [INFO ] [ErrorExceptionConfig.java]handleError(33) : ########## ERROR!!! ##########
2021-06-30 15:38:56 [INFO ] [ErrorExceptionConfig.java]handleError(34) : 에러 구분  : 404
2021-06-30 15:38:56 [INFO ] [ErrorExceptionConfig.java]handleError(35) : 발생일     : 20210630 03:38
2021-06-30 15:38:56 [INFO ] [ErrorExceptionConfig.java]handleError(36) : ##############################
2021-06-30 15:38:56 [INFO ] [ErrorExceptionConfig.java]handleError(33) : ########## ERROR!!! ##########
2021-06-30 15:38:56 [INFO ] [ErrorExceptionConfig.java]handleError(34) : 에러 구분  : 404
2021-06-30 15:38:56 [INFO ] [ErrorExceptionConfig.java]handleError(35) : 발생일     : 20210630 03:38
2021-06-30 15:38:56 [INFO ] [ErrorExceptionConfig.java]handleError(36) : ##############################
2021-06-30 15:38:56 [INFO ] [ErrorExceptionConfig.java]handleError(33) : ########## ERROR!!! ##########
2021-06-30 15:38:56 [INFO ] [ErrorExceptionConfig.java]handleError(34) : 에러 구분  : 404
2021-06-30 15:38:56 [INFO ] [ErrorExceptionConfig.java]handleError(35) : 발생일     : 20210630 03:38
2021-06-30 15:38:56 [INFO ] [ErrorExceptionConfig.java]handleError(36) : ##############################
2021-06-30 15:38:56 [INFO ] [ErrorExceptionConfig.java]handleError(33) : ########## ERROR!!! ##########
2021-06-30 15:38:56 [INFO ] [ErrorExceptionConfig.java]handleError(34) : 에러 구분  : 404
2021-06-30 15:38:56 [INFO ] [ErrorExceptionConfig.java]handleError(35) : 발생일     : 20210630 03:38
2021-06-30 15:38:56 [INFO ] [ErrorExceptionConfig.java]handleError(36) : ##############################
2021-06-30 15:41:02 [INFO ] [StartupInfoLogger.java]logStarting(55) : Starting BlogApplication using Java 1.8.0_292 on DESKTOP-1LJLV0R with PID 14880 (C:\Users\uk959\IdeaProjects\blog\build\classes\java\main started by uk959 in C:\Users\uk959\IdeaProjects\blog)
2021-06-30 15:41:02 [INFO ] [SpringApplication.java]logStartupProfileInfo(663) : No active profile set, falling back to default profiles: default
2021-06-30 15:41:03 [WARN ] [Logger.java]warn(44) : No MyBatis mapper was found in '[com.blog.mapper.*]' package. Please check your configuration.
2021-06-30 15:41:03 [WARN ] [Logger.java]warn(44) : Property 'mapperLocations' was specified but matching resources are not found.
2021-06-30 15:41:04 [INFO ] [StartupInfoLogger.java]logStarted(61) : Started BlogApplication in 2.872 seconds (JVM running for 4.298)
2021-06-30 15:41:16 [INFO ] [ErrorExceptionConfig.java]handleError(33) : ########## ERROR!!! ##########
2021-06-30 15:41:16 [INFO ] [ErrorExceptionConfig.java]handleError(34) : 에러 구분  : 404
2021-06-30 15:41:16 [INFO ] [ErrorExceptionConfig.java]handleError(35) : 발생일     : 20210630 03:41
2021-06-30 15:41:16 [INFO ] [ErrorExceptionConfig.java]handleError(36) : ##############################
2021-06-30 15:41:16 [INFO ] [ErrorExceptionConfig.java]handleError(33) : ########## ERROR!!! ##########
2021-06-30 15:41:16 [INFO ] [ErrorExceptionConfig.java]handleError(34) : 에러 구분  : 404
2021-06-30 15:41:16 [INFO ] [ErrorExceptionConfig.java]handleError(35) : 발생일     : 20210630 03:41
2021-06-30 15:41:16 [INFO ] [ErrorExceptionConfig.java]handleError(36) : ##############################
2021-06-30 15:41:16 [INFO ] [ErrorExceptionConfig.java]handleError(33) : ########## ERROR!!! ##########
2021-06-30 15:41:16 [INFO ] [ErrorExceptionConfig.java]handleError(34) : 에러 구분  : 404
2021-06-30 15:41:16 [INFO ] [ErrorExceptionConfig.java]handleError(35) : 발생일     : 20210630 03:41
2021-06-30 15:41:16 [INFO ] [ErrorExceptionConfig.java]handleError(36) : ##############################
2021-06-30 15:41:16 [INFO ] [ErrorExceptionConfig.java]handleError(33) : ########## ERROR!!! ##########
2021-06-30 15:41:16 [INFO ] [ErrorExceptionConfig.java]handleError(34) : 에러 구분  : 404
2021-06-30 15:41:16 [INFO ] [ErrorExceptionConfig.java]handleError(35) : 발생일     : 20210630 03:41
2021-06-30 15:41:16 [INFO ] [ErrorExceptionConfig.java]handleError(36) : ##############################
2021-06-30 15:41:24 [INFO ] [ErrorExceptionConfig.java]handleError(33) : ########## ERROR!!! ##########
2021-06-30 15:41:24 [INFO ] [ErrorExceptionConfig.java]handleError(34) : 에러 구분  : 404
2021-06-30 15:41:24 [INFO ] [ErrorExceptionConfig.java]handleError(35) : 발생일     : 20210630 03:41
2021-06-30 15:41:24 [INFO ] [ErrorExceptionConfig.java]handleError(36) : ##############################
2021-06-30 15:46:54 [INFO ] [StartupInfoLogger.java]logStarting(55) : Starting BlogApplication using Java 1.8.0_292 on DESKTOP-1LJLV0R with PID 19048 (C:\Users\uk959\IdeaProjects\blog\build\classes\java\main started by uk959 in C:\Users\uk959\IdeaProjects\blog)
2021-06-30 15:46:54 [INFO ] [SpringApplication.java]logStartupProfileInfo(663) : No active profile set, falling back to default profiles: default
2021-06-30 15:46:55 [WARN ] [Logger.java]warn(44) : No MyBatis mapper was found in '[com.blog.mapper.*]' package. Please check your configuration.
2021-06-30 15:46:56 [WARN ] [Logger.java]warn(44) : Property 'mapperLocations' was specified but matching resources are not found.
2021-06-30 15:46:56 [INFO ] [StartupInfoLogger.java]logStarted(61) : Started BlogApplication in 2.548 seconds (JVM running for 3.998)
2021-06-30 15:47:06 [INFO ] [ErrorExceptionConfig.java]handleError(33) : ########## ERROR!!! ##########
2021-06-30 15:47:06 [INFO ] [ErrorExceptionConfig.java]handleError(34) : 에러 구분  : 404
2021-06-30 15:47:06 [INFO ] [ErrorExceptionConfig.java]handleError(35) : 발생일     : 20210630 03:47
2021-06-30 15:47:06 [INFO ] [ErrorExceptionConfig.java]handleError(36) : ##############################
2021-06-30 15:47:06 [INFO ] [ErrorExceptionConfig.java]handleError(33) : ########## ERROR!!! ##########
2021-06-30 15:47:06 [INFO ] [ErrorExceptionConfig.java]handleError(34) : 에러 구분  : 404
2021-06-30 15:47:06 [INFO ] [ErrorExceptionConfig.java]handleError(35) : 발생일     : 20210630 03:47
2021-06-30 15:47:06 [INFO ] [ErrorExceptionConfig.java]handleError(36) : ##############################
2021-06-30 15:47:07 [INFO ] [ErrorExceptionConfig.java]handleError(33) : ########## ERROR!!! ##########
2021-06-30 15:47:07 [INFO ] [ErrorExceptionConfig.java]handleError(34) : 에러 구분  : 404
2021-06-30 15:47:07 [INFO ] [ErrorExceptionConfig.java]handleError(35) : 발생일     : 20210630 03:47
2021-06-30 15:47:07 [INFO ] [ErrorExceptionConfig.java]handleError(36) : ##############################
2021-06-30 15:47:07 [INFO ] [ErrorExceptionConfig.java]handleError(33) : ########## ERROR!!! ##########
2021-06-30 15:47:07 [INFO ] [ErrorExceptionConfig.java]handleError(34) : 에러 구분  : 404
2021-06-30 15:47:07 [INFO ] [ErrorExceptionConfig.java]handleError(35) : 발생일     : 20210630 03:47
2021-06-30 15:47:07 [INFO ] [ErrorExceptionConfig.java]handleError(36) : ##############################
2021-06-30 15:47:07 [INFO ] [ErrorExceptionConfig.java]handleError(33) : ########## ERROR!!! ##########
2021-06-30 15:47:07 [INFO ] [ErrorExceptionConfig.java]handleError(34) : 에러 구분  : 404
2021-06-30 15:47:07 [INFO ] [ErrorExceptionConfig.java]handleError(35) : 발생일     : 20210630 03:47
2021-06-30 15:47:07 [INFO ] [ErrorExceptionConfig.java]handleError(36) : ##############################
2021-06-30 15:48:37 [INFO ] [StartupInfoLogger.java]logStarting(55) : Starting BlogApplication using Java 1.8.0_292 on DESKTOP-1LJLV0R with PID 7372 (C:\Users\uk959\IdeaProjects\blog\build\classes\java\main started by uk959 in C:\Users\uk959\IdeaProjects\blog)
2021-06-30 15:48:37 [INFO ] [SpringApplication.java]logStartupProfileInfo(663) : No active profile set, falling back to default profiles: default
2021-06-30 15:48:38 [WARN ] [Logger.java]warn(44) : No MyBatis mapper was found in '[com.blog.mapper.*]' package. Please check your configuration.
2021-06-30 15:48:38 [WARN ] [Logger.java]warn(44) : Property 'mapperLocations' was specified but matching resources are not found.
2021-06-30 15:48:39 [INFO ] [StartupInfoLogger.java]logStarted(61) : Started BlogApplication in 2.58 seconds (JVM running for 3.958)
2021-06-30 15:48:43 [INFO ] [ErrorExceptionConfig.java]handleError(33) : ########## ERROR!!! ##########
2021-06-30 15:48:43 [INFO ] [ErrorExceptionConfig.java]handleError(34) : 에러 구분  : 404
2021-06-30 15:48:43 [INFO ] [ErrorExceptionConfig.java]handleError(35) : 발생일     : 20210630 03:48
2021-06-30 15:48:43 [INFO ] [ErrorExceptionConfig.java]handleError(36) : ##############################
2021-06-30 15:48:43 [INFO ] [ErrorExceptionConfig.java]handleError(33) : ########## ERROR!!! ##########
2021-06-30 15:48:43 [INFO ] [ErrorExceptionConfig.java]handleError(34) : 에러 구분  : 404
2021-06-30 15:48:43 [INFO ] [ErrorExceptionConfig.java]handleError(35) : 발생일     : 20210630 03:48
2021-06-30 15:48:43 [INFO ] [ErrorExceptionConfig.java]handleError(36) : ##############################
2021-06-30 15:48:43 [INFO ] [ErrorExceptionConfig.java]handleError(33) : ########## ERROR!!! ##########
2021-06-30 15:48:43 [INFO ] [ErrorExceptionConfig.java]handleError(33) : ########## ERROR!!! ##########
2021-06-30 15:48:43 [INFO ] [ErrorExceptionConfig.java]handleError(34) : 에러 구분  : 404
2021-06-30 15:48:43 [INFO ] [ErrorExceptionConfig.java]handleError(34) : 에러 구분  : 404
2021-06-30 15:48:43 [INFO ] [ErrorExceptionConfig.java]handleError(35) : 발생일     : 20210630 03:48
2021-06-30 15:48:43 [INFO ] [ErrorExceptionConfig.java]handleError(35) : 발생일     : 20210630 03:48
2021-06-30 15:48:43 [INFO ] [ErrorExceptionConfig.java]handleError(36) : ##############################
2021-06-30 15:48:43 [INFO ] [ErrorExceptionConfig.java]handleError(36) : ##############################
2021-06-30 15:52:42 [INFO ] [StartupInfoLogger.java]logStarting(55) : Starting BlogApplication using Java 1.8.0_292 on DESKTOP-1LJLV0R with PID 24464 (C:\Users\uk959\IdeaProjects\blog\build\classes\java\main started by uk959 in C:\Users\uk959\IdeaProjects\blog)
2021-06-30 15:52:42 [INFO ] [SpringApplication.java]logStartupProfileInfo(663) : No active profile set, falling back to default profiles: default
2021-06-30 15:52:43 [WARN ] [Logger.java]warn(44) : No MyBatis mapper was found in '[com.blog.mapper.*]' package. Please check your configuration.
2021-06-30 15:52:43 [WARN ] [Logger.java]warn(44) : Property 'mapperLocations' was specified but matching resources are not found.
2021-06-30 15:52:44 [INFO ] [StartupInfoLogger.java]logStarted(61) : Started BlogApplication in 2.523 seconds (JVM running for 3.874)
2021-06-30 15:52:49 [INFO ] [ErrorExceptionConfig.java]handleError(33) : ########## ERROR!!! ##########
2021-06-30 15:52:49 [INFO ] [ErrorExceptionConfig.java]handleError(34) : 에러 구분  : 404
2021-06-30 15:52:49 [INFO ] [ErrorExceptionConfig.java]handleError(35) : 발생일     : 20210630 03:52
2021-06-30 15:52:49 [INFO ] [ErrorExceptionConfig.java]handleError(36) : ##############################
2021-06-30 15:52:49 [INFO ] [ErrorExceptionConfig.java]handleError(33) : ########## ERROR!!! ##########
2021-06-30 15:52:49 [INFO ] [ErrorExceptionConfig.java]handleError(34) : 에러 구분  : 404
2021-06-30 15:52:49 [INFO ] [ErrorExceptionConfig.java]handleError(35) : 발생일     : 20210630 03:52
2021-06-30 15:52:49 [INFO ] [ErrorExceptionConfig.java]handleError(36) : ##############################
2021-06-30 15:52:49 [INFO ] [ErrorExceptionConfig.java]handleError(33) : ########## ERROR!!! ##########
2021-06-30 15:52:49 [INFO ] [ErrorExceptionConfig.java]handleError(33) : ########## ERROR!!! ##########
2021-06-30 15:52:49 [INFO ] [ErrorExceptionConfig.java]handleError(34) : 에러 구분  : 404
2021-06-30 15:52:49 [INFO ] [ErrorExceptionConfig.java]handleError(34) : 에러 구분  : 404
2021-06-30 15:52:49 [INFO ] [ErrorExceptionConfig.java]handleError(35) : 발생일     : 20210630 03:52
2021-06-30 15:52:49 [INFO ] [ErrorExceptionConfig.java]handleError(35) : 발생일     : 20210630 03:52
2021-06-30 15:52:49 [INFO ] [ErrorExceptionConfig.java]handleError(36) : ##############################
2021-06-30 15:52:49 [INFO ] [ErrorExceptionConfig.java]handleError(36) : ##############################
2021-06-30 16:02:24 [INFO ] [StartupInfoLogger.java]logStarting(55) : Starting BlogApplication using Java 1.8.0_292 on DESKTOP-1LJLV0R with PID 19684 (C:\Users\uk959\IdeaProjects\blog\build\classes\java\main started by uk959 in C:\Users\uk959\IdeaProjects\blog)
2021-06-30 16:02:24 [INFO ] [SpringApplication.java]logStartupProfileInfo(663) : No active profile set, falling back to default profiles: default
2021-06-30 16:02:24 [WARN ] [Logger.java]warn(44) : No MyBatis mapper was found in '[com.blog.mapper.*]' package. Please check your configuration.
2021-06-30 16:02:25 [WARN ] [Logger.java]warn(44) : Property 'mapperLocations' was specified but matching resources are not found.
2021-06-30 16:02:26 [INFO ] [StartupInfoLogger.java]logStarted(61) : Started BlogApplication in 2.602 seconds (JVM running for 3.965)
2021-06-30 16:02:31 [INFO ] [ErrorExceptionConfig.java]handleError(33) : ########## ERROR!!! ##########
2021-06-30 16:02:31 [INFO ] [ErrorExceptionConfig.java]handleError(34) : 에러 구분  : 404
2021-06-30 16:02:31 [INFO ] [ErrorExceptionConfig.java]handleError(35) : 발생일     : 20210630 04:02
2021-06-30 16:02:31 [INFO ] [ErrorExceptionConfig.java]handleError(36) : ##############################
2021-06-30 16:02:31 [INFO ] [ErrorExceptionConfig.java]handleError(33) : ########## ERROR!!! ##########
2021-06-30 16:02:31 [INFO ] [ErrorExceptionConfig.java]handleError(34) : 에러 구분  : 404
2021-06-30 16:02:31 [INFO ] [ErrorExceptionConfig.java]handleError(35) : 발생일     : 20210630 04:02
2021-06-30 16:02:31 [INFO ] [ErrorExceptionConfig.java]handleError(36) : ##############################
2021-06-30 16:02:31 [INFO ] [ErrorExceptionConfig.java]handleError(33) : ########## ERROR!!! ##########
2021-06-30 16:02:31 [INFO ] [ErrorExceptionConfig.java]handleError(33) : ########## ERROR!!! ##########
2021-06-30 16:02:31 [INFO ] [ErrorExceptionConfig.java]handleError(34) : 에러 구분  : 404
2021-06-30 16:02:31 [INFO ] [ErrorExceptionConfig.java]handleError(34) : 에러 구분  : 404
2021-06-30 16:02:31 [INFO ] [ErrorExceptionConfig.java]handleError(35) : 발생일     : 20210630 04:02
2021-06-30 16:02:31 [INFO ] [ErrorExceptionConfig.java]handleError(35) : 발생일     : 20210630 04:02
2021-06-30 16:02:31 [INFO ] [ErrorExceptionConfig.java]handleError(36) : ##############################
2021-06-30 16:02:31 [INFO ] [ErrorExceptionConfig.java]handleError(36) : ##############################
2021-06-30 16:03:26 [INFO ] [ErrorExceptionConfig.java]handleError(33) : ########## ERROR!!! ##########
2021-06-30 16:03:26 [INFO ] [ErrorExceptionConfig.java]handleError(33) : ########## ERROR!!! ##########
2021-06-30 16:03:26 [INFO ] [ErrorExceptionConfig.java]handleError(34) : 에러 구분  : 404
2021-06-30 16:03:26 [INFO ] [ErrorExceptionConfig.java]handleError(34) : 에러 구분  : 404
2021-06-30 16:03:26 [INFO ] [ErrorExceptionConfig.java]handleError(35) : 발생일     : 20210630 04:03
2021-06-30 16:03:26 [INFO ] [ErrorExceptionConfig.java]handleError(35) : 발생일     : 20210630 04:03
2021-06-30 16:03:26 [INFO ] [ErrorExceptionConfig.java]handleError(36) : ##############################
2021-06-30 16:03:26 [INFO ] [ErrorExceptionConfig.java]handleError(36) : ##############################
2021-06-30 16:06:12 [INFO ] [ErrorExceptionConfig.java]handleError(33) : ########## ERROR!!! ##########
2021-06-30 16:06:12 [INFO ] [ErrorExceptionConfig.java]handleError(33) : ########## ERROR!!! ##########
2021-06-30 16:06:12 [INFO ] [ErrorExceptionConfig.java]handleError(34) : 에러 구분  : 404
2021-06-30 16:06:12 [INFO ] [ErrorExceptionConfig.java]handleError(34) : 에러 구분  : 404
2021-06-30 16:06:12 [INFO ] [ErrorExceptionConfig.java]handleError(35) : 발생일     : 20210630 04:06
2021-06-30 16:06:12 [INFO ] [ErrorExceptionConfig.java]handleError(35) : 발생일     : 20210630 04:06
2021-06-30 16:06:12 [INFO ] [ErrorExceptionConfig.java]handleError(36) : ##############################
2021-06-30 16:06:12 [INFO ] [ErrorExceptionConfig.java]handleError(36) : ##############################
2021-06-30 16:09:12 [INFO ] [ErrorExceptionConfig.java]handleError(33) : ########## ERROR!!! ##########
2021-06-30 16:09:12 [INFO ] [ErrorExceptionConfig.java]handleError(34) : 에러 구분  : 404
2021-06-30 16:09:12 [INFO ] [ErrorExceptionConfig.java]handleError(35) : 발생일     : 20210630 04:09
2021-06-30 16:09:12 [INFO ] [ErrorExceptionConfig.java]handleError(36) : ##############################
2021-06-30 16:09:12 [INFO ] [ErrorExceptionConfig.java]handleError(33) : ########## ERROR!!! ##########
2021-06-30 16:09:12 [INFO ] [ErrorExceptionConfig.java]handleError(34) : 에러 구분  : 404
2021-06-30 16:09:12 [INFO ] [ErrorExceptionConfig.java]handleError(35) : 발생일     : 20210630 04:09
2021-06-30 16:09:12 [INFO ] [ErrorExceptionConfig.java]handleError(36) : ##############################
2021-06-30 16:09:12 [INFO ] [ErrorExceptionConfig.java]handleError(33) : ########## ERROR!!! ##########
2021-06-30 16:09:12 [INFO ] [ErrorExceptionConfig.java]handleError(33) : ########## ERROR!!! ##########
2021-06-30 16:09:12 [INFO ] [ErrorExceptionConfig.java]handleError(34) : 에러 구분  : 404
2021-06-30 16:09:12 [INFO ] [ErrorExceptionConfig.java]handleError(34) : 에러 구분  : 404
2021-06-30 16:09:12 [INFO ] [ErrorExceptionConfig.java]handleError(35) : 발생일     : 20210630 04:09
2021-06-30 16:09:12 [INFO ] [ErrorExceptionConfig.java]handleError(35) : 발생일     : 20210630 04:09
2021-06-30 16:09:12 [INFO ] [ErrorExceptionConfig.java]handleError(36) : ##############################
2021-06-30 16:09:12 [INFO ] [ErrorExceptionConfig.java]handleError(36) : ##############################
2021-06-30 16:14:01 [INFO ] [ErrorExceptionConfig.java]handleError(33) : ########## ERROR!!! ##########
2021-06-30 16:14:01 [INFO ] [ErrorExceptionConfig.java]handleError(34) : 에러 구분  : 404
2021-06-30 16:14:01 [INFO ] [ErrorExceptionConfig.java]handleError(35) : 발생일     : 20210630 04:14
2021-06-30 16:14:01 [INFO ] [ErrorExceptionConfig.java]handleError(36) : ##############################
2021-06-30 16:14:01 [INFO ] [ErrorExceptionConfig.java]handleError(33) : ########## ERROR!!! ##########
2021-06-30 16:14:01 [INFO ] [ErrorExceptionConfig.java]handleError(34) : 에러 구분  : 404
2021-06-30 16:14:01 [INFO ] [ErrorExceptionConfig.java]handleError(35) : 발생일     : 20210630 04:14
2021-06-30 16:14:01 [INFO ] [ErrorExceptionConfig.java]handleError(36) : ##############################
2021-06-30 16:14:01 [INFO ] [ErrorExceptionConfig.java]handleError(33) : ########## ERROR!!! ##########
2021-06-30 16:14:01 [INFO ] [ErrorExceptionConfig.java]handleError(34) : 에러 구분  : 404
2021-06-30 16:14:01 [INFO ] [ErrorExceptionConfig.java]handleError(35) : 발생일     : 20210630 04:14
2021-06-30 16:14:01 [INFO ] [ErrorExceptionConfig.java]handleError(36) : ##############################
2021-06-30 16:14:01 [INFO ] [ErrorExceptionConfig.java]handleError(33) : ########## ERROR!!! ##########
2021-06-30 16:14:01 [INFO ] [ErrorExceptionConfig.java]handleError(34) : 에러 구분  : 404
2021-06-30 16:14:01 [INFO ] [ErrorExceptionConfig.java]handleError(35) : 발생일     : 20210630 04:14
2021-06-30 16:14:01 [INFO ] [ErrorExceptionConfig.java]handleError(36) : ##############################
2021-06-30 16:33:28 [INFO ] [StartupInfoLogger.java]logStarting(55) : Starting BlogApplication using Java 1.8.0_292 on DESKTOP-1LJLV0R with PID 6412 (C:\Users\uk959\IdeaProjects\blog\build\classes\java\main started by uk959 in C:\Users\uk959\IdeaProjects\blog)
2021-06-30 16:33:28 [INFO ] [SpringApplication.java]logStartupProfileInfo(663) : No active profile set, falling back to default profiles: default
2021-06-30 16:33:29 [WARN ] [Logger.java]warn(44) : No MyBatis mapper was found in '[com.blog.mapper.*]' package. Please check your configuration.
2021-06-30 16:33:29 [WARN ] [Logger.java]warn(44) : Property 'mapperLocations' was specified but matching resources are not found.
2021-06-30 16:33:30 [INFO ] [StartupInfoLogger.java]logStarted(61) : Started BlogApplication in 3.271 seconds (JVM running for 4.762)
2021-06-30 16:33:31 [INFO ] [ErrorExceptionConfig.java]handleError(33) : ########## ERROR!!! ##########
2021-06-30 16:33:31 [INFO ] [ErrorExceptionConfig.java]handleError(34) : 에러 구분  : 404
2021-06-30 16:33:31 [INFO ] [ErrorExceptionConfig.java]handleError(35) : 발생일     : 20210630 04:33
2021-06-30 16:33:31 [INFO ] [ErrorExceptionConfig.java]handleError(36) : ##############################
2021-06-30 16:33:32 [INFO ] [ErrorExceptionConfig.java]handleError(33) : ########## ERROR!!! ##########
2021-06-30 16:33:32 [INFO ] [ErrorExceptionConfig.java]handleError(34) : 에러 구분  : 404
2021-06-30 16:33:32 [INFO ] [ErrorExceptionConfig.java]handleError(35) : 발생일     : 20210630 04:33
2021-06-30 16:33:32 [INFO ] [ErrorExceptionConfig.java]handleError(36) : ##############################
2021-06-30 16:33:38 [INFO ] [ErrorExceptionConfig.java]handleError(33) : ########## ERROR!!! ##########
2021-06-30 16:33:38 [INFO ] [ErrorExceptionConfig.java]handleError(34) : 에러 구분  : 404
2021-06-30 16:33:38 [INFO ] [ErrorExceptionConfig.java]handleError(35) : 발생일     : 20210630 04:33
2021-06-30 16:33:38 [INFO ] [ErrorExceptionConfig.java]handleError(36) : ##############################
2021-06-30 16:33:38 [INFO ] [ErrorExceptionConfig.java]handleError(33) : ########## ERROR!!! ##########
2021-06-30 16:33:38 [INFO ] [ErrorExceptionConfig.java]handleError(34) : 에러 구분  : 404
2021-06-30 16:33:38 [INFO ] [ErrorExceptionConfig.java]handleError(35) : 발생일     : 20210630 04:33
2021-06-30 16:33:38 [INFO ] [ErrorExceptionConfig.java]handleError(36) : ##############################
2021-06-30 16:35:22 [INFO ] [StartupInfoLogger.java]logStarting(55) : Starting BlogApplication using Java 1.8.0_292 on DESKTOP-1LJLV0R with PID 23352 (C:\Users\uk959\IdeaProjects\blog\build\classes\java\main started by uk959 in C:\Users\uk959\IdeaProjects\blog)
2021-06-30 16:35:22 [INFO ] [SpringApplication.java]logStartupProfileInfo(663) : No active profile set, falling back to default profiles: default
2021-06-30 16:35:23 [WARN ] [Logger.java]warn(44) : No MyBatis mapper was found in '[com.blog.mapper.*]' package. Please check your configuration.
2021-06-30 16:35:23 [WARN ] [Logger.java]warn(44) : Property 'mapperLocations' was specified but matching resources are not found.
2021-06-30 16:35:24 [INFO ] [StartupInfoLogger.java]logStarted(61) : Started BlogApplication in 2.565 seconds (JVM running for 3.937)
2021-06-30 16:35:27 [ERROR] [TemplateEngine.java]process(1136) : [THYMELEAF][http-nio-9000-exec-1] Exception processing template "index": An error happened during template parsing (template: "class path resource [templates/index.html]")
org.thymeleaf.exceptions.TemplateInputException: An error happened during template parsing (template: "class path resource [templates/index.html]")
	at org.thymeleaf.templateparser.markup.AbstractMarkupTemplateParser.parse(AbstractMarkupTemplateParser.java:241)
	at org.thymeleaf.templateparser.markup.AbstractMarkupTemplateParser.parseStandalone(AbstractMarkupTemplateParser.java:100)
	at org.thymeleaf.engine.TemplateManager.parseAndProcess(TemplateManager.java:666)
	at org.thymeleaf.TemplateEngine.process(TemplateEngine.java:1098)
	at org.thymeleaf.TemplateEngine.process(TemplateEngine.java:1072)
	at org.thymeleaf.spring5.view.ThymeleafView.renderFragment(ThymeleafView.java:366)
	at org.thymeleaf.spring5.view.ThymeleafView.render(ThymeleafView.java:190)
	at org.springframework.web.servlet.DispatcherServlet.render(DispatcherServlet.java:1396)
	at org.springframework.web.servlet.DispatcherServlet.processDispatchResult(DispatcherServlet.java:1141)
	at org.springframework.web.servlet.DispatcherServlet.doDispatch(DispatcherServlet.java:1080)
	at org.springframework.web.servlet.DispatcherServlet.doService(DispatcherServlet.java:963)
	at org.springframework.web.servlet.FrameworkServlet.processRequest(FrameworkServlet.java:1006)
	at org.springframework.web.servlet.FrameworkServlet.doGet(FrameworkServlet.java:898)
	at javax.servlet.http.HttpServlet.service(HttpServlet.java:626)
	at org.springframework.web.servlet.FrameworkServlet.service(FrameworkServlet.java:883)
	at javax.servlet.http.HttpServlet.service(HttpServlet.java:733)
	at org.apache.catalina.core.ApplicationFilterChain.internalDoFilter(ApplicationFilterChain.java:227)
	at org.apache.catalina.core.ApplicationFilterChain.doFilter(ApplicationFilterChain.java:162)
	at org.apache.tomcat.websocket.server.WsFilter.doFilter(WsFilter.java:53)
	at org.apache.catalina.core.ApplicationFilterChain.internalDoFilter(ApplicationFilterChain.java:189)
	at org.apache.catalina.core.ApplicationFilterChain.doFilter(ApplicationFilterChain.java:162)
	at org.springframework.web.filter.RequestContextFilter.doFilterInternal(RequestContextFilter.java:100)
	at org.springframework.web.filter.OncePerRequestFilter.doFilter(OncePerRequestFilter.java:119)
	at org.apache.catalina.core.ApplicationFilterChain.internalDoFilter(ApplicationFilterChain.java:189)
	at org.apache.catalina.core.ApplicationFilterChain.doFilter(ApplicationFilterChain.java:162)
	at org.springframework.web.filter.FormContentFilter.doFilterInternal(FormContentFilter.java:93)
	at org.springframework.web.filter.OncePerRequestFilter.doFilter(OncePerRequestFilter.java:119)
	at org.apache.catalina.core.ApplicationFilterChain.internalDoFilter(ApplicationFilterChain.java:189)
	at org.apache.catalina.core.ApplicationFilterChain.doFilter(ApplicationFilterChain.java:162)
	at org.springframework.web.filter.CharacterEncodingFilter.doFilterInternal(CharacterEncodingFilter.java:201)
	at org.springframework.web.filter.OncePerRequestFilter.doFilter(OncePerRequestFilter.java:119)
	at org.apache.catalina.core.ApplicationFilterChain.internalDoFilter(ApplicationFilterChain.java:189)
	at org.apache.catalina.core.ApplicationFilterChain.doFilter(ApplicationFilterChain.java:162)
	at org.apache.catalina.core.StandardWrapperValve.invoke(StandardWrapperValve.java:202)
	at org.apache.catalina.core.StandardContextValve.invoke(StandardContextValve.java:97)
	at org.apache.catalina.authenticator.AuthenticatorBase.invoke(AuthenticatorBase.java:542)
	at org.apache.catalina.core.StandardHostValve.invoke(StandardHostValve.java:143)
	at org.apache.catalina.valves.ErrorReportValve.invoke(ErrorReportValve.java:92)
	at org.apache.catalina.core.StandardEngineValve.invoke(StandardEngineValve.java:78)
	at org.apache.catalina.connector.CoyoteAdapter.service(CoyoteAdapter.java:357)
	at org.apache.coyote.http11.Http11Processor.service(Http11Processor.java:374)
	at org.apache.coyote.AbstractProcessorLight.process(AbstractProcessorLight.java:65)
	at org.apache.coyote.AbstractProtocol$ConnectionHandler.process(AbstractProtocol.java:893)
	at org.apache.tomcat.util.net.NioEndpoint$SocketProcessor.doRun(NioEndpoint.java:1707)
	at org.apache.tomcat.util.net.SocketProcessorBase.run(SocketProcessorBase.java:49)
	at java.util.concurrent.ThreadPoolExecutor.runWorker(ThreadPoolExecutor.java:1149)
	at java.util.concurrent.ThreadPoolExecutor$Worker.run(ThreadPoolExecutor.java:624)
	at org.apache.tomcat.util.threads.TaskThread$WrappingRunnable.run(TaskThread.java:61)
	at java.lang.Thread.run(Thread.java:748)
Caused by: org.attoparser.ParseException: Error resolving fragment: "~{'components/main/loader' :: Loader}": template or fragment could not be resolved (template: "body/base" - line 8, col 14)
	at org.attoparser.MarkupParser.parseDocument(MarkupParser.java:393)
	at org.attoparser.MarkupParser.parse(MarkupParser.java:257)
	at org.thymeleaf.templateparser.markup.AbstractMarkupTemplateParser.parse(AbstractMarkupTemplateParser.java:230)
	... 48 common frames omitted
Caused by: org.thymeleaf.exceptions.TemplateInputException: Error resolving fragment: "~{'components/main/loader' :: Loader}": template or fragment could not be resolved (template: "body/base" - line 8, col 14)
	at org.thymeleaf.standard.expression.FragmentExpression.resolveExecutedFragmentExpression(FragmentExpression.java:619)
	at org.thymeleaf.standard.processor.AbstractStandardFragmentInsertionTagProcessor.computeFragment(AbstractStandardFragmentInsertionTagProcessor.java:379)
	at org.thymeleaf.standard.processor.AbstractStandardFragmentInsertionTagProcessor.doProcess(AbstractStandardFragmentInsertionTagProcessor.java:110)
	at org.thymeleaf.processor.element.AbstractAttributeTagProcessor.doProcess(AbstractAttributeTagProcessor.java:74)
	at org.thymeleaf.processor.element.AbstractElementTagProcessor.process(AbstractElementTagProcessor.java:95)
	at org.thymeleaf.util.ProcessorConfigurationUtils$ElementTagProcessorWrapper.process(ProcessorConfigurationUtils.java:633)
	at org.thymeleaf.engine.ProcessorTemplateHandler.handleStandaloneElement(ProcessorTemplateHandler.java:918)
	at org.thymeleaf.engine.StandaloneElementTag.beHandled(StandaloneElementTag.java:228)
	at org.thymeleaf.engine.Model.process(Model.java:282)
	at org.thymeleaf.engine.ProcessorTemplateHandler.handleStandaloneElement(ProcessorTemplateHandler.java:1204)
	at org.thymeleaf.engine.TemplateHandlerAdapterMarkupHandler.handleStandaloneElementEnd(TemplateHandlerAdapterMarkupHandler.java:260)
	at org.thymeleaf.templateparser.markup.InlinedOutputExpressionMarkupHandler$InlineMarkupAdapterPreProcessorHandler.handleStandaloneElementEnd(InlinedOutputExpressionMarkupHandler.java:256)
	at org.thymeleaf.standard.inline.OutputExpressionInlinePreProcessorHandler.handleStandaloneElementEnd(OutputExpressionInlinePreProcessorHandler.java:169)
	at org.thymeleaf.templateparser.markup.InlinedOutputExpressionMarkupHandler.handleStandaloneElementEnd(InlinedOutputExpressionMarkupHandler.java:104)
	at org.attoparser.HtmlElement.handleStandaloneElementEnd(HtmlElement.java:79)
	at org.attoparser.HtmlMarkupHandler.handleStandaloneElementEnd(HtmlMarkupHandler.java:241)
	at org.attoparser.MarkupEventProcessorHandler.handleStandaloneElementEnd(MarkupEventProcessorHandler.java:327)
	at org.attoparser.ParsingElementMarkupUtil.parseStandaloneElement(ParsingElementMarkupUtil.java:96)
	at org.attoparser.MarkupParser.parseBuffer(MarkupParser.java:706)
	at org.attoparser.MarkupParser.parseDocument(MarkupParser.java:301)
	... 50 common frames omitted
2021-06-30 16:35:27 [ERROR] [DirectJDKLog.java]log(175) : Servlet.service() for servlet [dispatcherServlet] in context with path [] threw exception [Request processing failed; nested exception is org.thymeleaf.exceptions.TemplateInputException: An error happened during template parsing (template: "class path resource [templates/index.html]")] with root cause
org.thymeleaf.exceptions.TemplateInputException: Error resolving fragment: "~{'components/main/loader' :: Loader}": template or fragment could not be resolved (template: "body/base" - line 8, col 14)
	at org.thymeleaf.standard.expression.FragmentExpression.resolveExecutedFragmentExpression(FragmentExpression.java:619)
	at org.thymeleaf.standard.processor.AbstractStandardFragmentInsertionTagProcessor.computeFragment(AbstractStandardFragmentInsertionTagProcessor.java:379)
	at org.thymeleaf.standard.processor.AbstractStandardFragmentInsertionTagProcessor.doProcess(AbstractStandardFragmentInsertionTagProcessor.java:110)
	at org.thymeleaf.processor.element.AbstractAttributeTagProcessor.doProcess(AbstractAttributeTagProcessor.java:74)
	at org.thymeleaf.processor.element.AbstractElementTagProcessor.process(AbstractElementTagProcessor.java:95)
	at org.thymeleaf.util.ProcessorConfigurationUtils$ElementTagProcessorWrapper.process(ProcessorConfigurationUtils.java:633)
	at org.thymeleaf.engine.ProcessorTemplateHandler.handleStandaloneElement(ProcessorTemplateHandler.java:918)
	at org.thymeleaf.engine.StandaloneElementTag.beHandled(StandaloneElementTag.java:228)
	at org.thymeleaf.engine.Model.process(Model.java:282)
	at org.thymeleaf.engine.ProcessorTemplateHandler.handleStandaloneElement(ProcessorTemplateHandler.java:1204)
	at org.thymeleaf.engine.TemplateHandlerAdapterMarkupHandler.handleStandaloneElementEnd(TemplateHandlerAdapterMarkupHandler.java:260)
	at org.thymeleaf.templateparser.markup.InlinedOutputExpressionMarkupHandler$InlineMarkupAdapterPreProcessorHandler.handleStandaloneElementEnd(InlinedOutputExpressionMarkupHandler.java:256)
	at org.thymeleaf.standard.inline.OutputExpressionInlinePreProcessorHandler.handleStandaloneElementEnd(OutputExpressionInlinePreProcessorHandler.java:169)
	at org.thymeleaf.templateparser.markup.InlinedOutputExpressionMarkupHandler.handleStandaloneElementEnd(InlinedOutputExpressionMarkupHandler.java:104)
	at org.attoparser.HtmlElement.handleStandaloneElementEnd(HtmlElement.java:79)
	at org.attoparser.HtmlMarkupHandler.handleStandaloneElementEnd(HtmlMarkupHandler.java:241)
	at org.attoparser.MarkupEventProcessorHandler.handleStandaloneElementEnd(MarkupEventProcessorHandler.java:327)
	at org.attoparser.ParsingElementMarkupUtil.parseStandaloneElement(ParsingElementMarkupUtil.java:96)
	at org.attoparser.MarkupParser.parseBuffer(MarkupParser.java:706)
	at org.attoparser.MarkupParser.parseDocument(MarkupParser.java:301)
	at org.attoparser.MarkupParser.parse(MarkupParser.java:257)
	at org.thymeleaf.templateparser.markup.AbstractMarkupTemplateParser.parse(AbstractMarkupTemplateParser.java:230)
	at org.thymeleaf.templateparser.markup.AbstractMarkupTemplateParser.parseStandalone(AbstractMarkupTemplateParser.java:100)
	at org.thymeleaf.engine.TemplateManager.parseAndProcess(TemplateManager.java:666)
	at org.thymeleaf.TemplateEngine.process(TemplateEngine.java:1098)
	at org.thymeleaf.TemplateEngine.process(TemplateEngine.java:1072)
	at org.thymeleaf.spring5.view.ThymeleafView.renderFragment(ThymeleafView.java:366)
	at org.thymeleaf.spring5.view.ThymeleafView.render(ThymeleafView.java:190)
	at org.springframework.web.servlet.DispatcherServlet.render(DispatcherServlet.java:1396)
	at org.springframework.web.servlet.DispatcherServlet.processDispatchResult(DispatcherServlet.java:1141)
	at org.springframework.web.servlet.DispatcherServlet.doDispatch(DispatcherServlet.java:1080)
	at org.springframework.web.servlet.DispatcherServlet.doService(DispatcherServlet.java:963)
	at org.springframework.web.servlet.FrameworkServlet.processRequest(FrameworkServlet.java:1006)
	at org.springframework.web.servlet.FrameworkServlet.doGet(FrameworkServlet.java:898)
	at javax.servlet.http.HttpServlet.service(HttpServlet.java:626)
	at org.springframework.web.servlet.FrameworkServlet.service(FrameworkServlet.java:883)
	at javax.servlet.http.HttpServlet.service(HttpServlet.java:733)
	at org.apache.catalina.core.ApplicationFilterChain.internalDoFilter(ApplicationFilterChain.java:227)
	at org.apache.catalina.core.ApplicationFilterChain.doFilter(ApplicationFilterChain.java:162)
	at org.apache.tomcat.websocket.server.WsFilter.doFilter(WsFilter.java:53)
	at org.apache.catalina.core.ApplicationFilterChain.internalDoFilter(ApplicationFilterChain.java:189)
	at org.apache.catalina.core.ApplicationFilterChain.doFilter(ApplicationFilterChain.java:162)
	at org.springframework.web.filter.RequestContextFilter.doFilterInternal(RequestContextFilter.java:100)
	at org.springframework.web.filter.OncePerRequestFilter.doFilter(OncePerRequestFilter.java:119)
	at org.apache.catalina.core.ApplicationFilterChain.internalDoFilter(ApplicationFilterChain.java:189)
	at org.apache.catalina.core.ApplicationFilterChain.doFilter(ApplicationFilterChain.java:162)
	at org.springframework.web.filter.FormContentFilter.doFilterInternal(FormContentFilter.java:93)
	at org.springframework.web.filter.OncePerRequestFilter.doFilter(OncePerRequestFilter.java:119)
	at org.apache.catalina.core.ApplicationFilterChain.internalDoFilter(ApplicationFilterChain.java:189)
	at org.apache.catalina.core.ApplicationFilterChain.doFilter(ApplicationFilterChain.java:162)
	at org.springframework.web.filter.CharacterEncodingFilter.doFilterInternal(CharacterEncodingFilter.java:201)
	at org.springframework.web.filter.OncePerRequestFilter.doFilter(OncePerRequestFilter.java:119)
	at org.apache.catalina.core.ApplicationFilterChain.internalDoFilter(ApplicationFilterChain.java:189)
	at org.apache.catalina.core.ApplicationFilterChain.doFilter(ApplicationFilterChain.java:162)
	at org.apache.catalina.core.StandardWrapperValve.invoke(StandardWrapperValve.java:202)
	at org.apache.catalina.core.StandardContextValve.invoke(StandardContextValve.java:97)
	at org.apache.catalina.authenticator.AuthenticatorBase.invoke(AuthenticatorBase.java:542)
	at org.apache.catalina.core.StandardHostValve.invoke(StandardHostValve.java:143)
	at org.apache.catalina.valves.ErrorReportValve.invoke(ErrorReportValve.java:92)
	at org.apache.catalina.core.StandardEngineValve.invoke(StandardEngineValve.java:78)
	at org.apache.catalina.connector.CoyoteAdapter.service(CoyoteAdapter.java:357)
	at org.apache.coyote.http11.Http11Processor.service(Http11Processor.java:374)
	at org.apache.coyote.AbstractProcessorLight.process(AbstractProcessorLight.java:65)
	at org.apache.coyote.AbstractProtocol$ConnectionHandler.process(AbstractProtocol.java:893)
	at org.apache.tomcat.util.net.NioEndpoint$SocketProcessor.doRun(NioEndpoint.java:1707)
	at org.apache.tomcat.util.net.SocketProcessorBase.run(SocketProcessorBase.java:49)
	at java.util.concurrent.ThreadPoolExecutor.runWorker(ThreadPoolExecutor.java:1149)
	at java.util.concurrent.ThreadPoolExecutor$Worker.run(ThreadPoolExecutor.java:624)
	at org.apache.tomcat.util.threads.TaskThread$WrappingRunnable.run(TaskThread.java:61)
	at java.lang.Thread.run(Thread.java:748)
2021-06-30 16:35:27 [INFO ] [ErrorExceptionConfig.java]handleError(47) : ########## ERROR!!! ##########
2021-06-30 16:35:27 [INFO ] [ErrorExceptionConfig.java]handleError(48) : 에러 구분  : 200
2021-06-30 16:35:27 [INFO ] [ErrorExceptionConfig.java]handleError(49) : 발생일     : 20210630 04:35
2021-06-30 16:35:27 [INFO ] [ErrorExceptionConfig.java]handleError(50) : ##############################
2021-06-30 16:35:27 [INFO ] [ErrorExceptionConfig.java]handleError(33) : ########## ERROR!!! ##########
2021-06-30 16:35:27 [INFO ] [ErrorExceptionConfig.java]handleError(34) : 에러 구분  : 404
2021-06-30 16:35:27 [INFO ] [ErrorExceptionConfig.java]handleError(35) : 발생일     : 20210630 04:35
2021-06-30 16:35:27 [INFO ] [ErrorExceptionConfig.java]handleError(36) : ##############################
2021-06-30 16:35:27 [INFO ] [ErrorExceptionConfig.java]handleError(33) : ########## ERROR!!! ##########
2021-06-30 16:35:27 [INFO ] [ErrorExceptionConfig.java]handleError(34) : 에러 구분  : 404
2021-06-30 16:35:27 [INFO ] [ErrorExceptionConfig.java]handleError(35) : 발생일     : 20210630 04:35
2021-06-30 16:35:27 [INFO ] [ErrorExceptionConfig.java]handleError(36) : ##############################
2021-06-30 16:36:43 [ERROR] [TemplateEngine.java]process(1136) : [THYMELEAF][http-nio-9000-exec-2] Exception processing template "index": An error happened during template parsing (template: "class path resource [templates/index.html]")
org.thymeleaf.exceptions.TemplateInputException: An error happened during template parsing (template: "class path resource [templates/index.html]")
	at org.thymeleaf.templateparser.markup.AbstractMarkupTemplateParser.parse(AbstractMarkupTemplateParser.java:241)
	at org.thymeleaf.templateparser.markup.AbstractMarkupTemplateParser.parseStandalone(AbstractMarkupTemplateParser.java:100)
	at org.thymeleaf.engine.TemplateManager.parseAndProcess(TemplateManager.java:666)
	at org.thymeleaf.TemplateEngine.process(TemplateEngine.java:1098)
	at org.thymeleaf.TemplateEngine.process(TemplateEngine.java:1072)
	at org.thymeleaf.spring5.view.ThymeleafView.renderFragment(ThymeleafView.java:366)
	at org.thymeleaf.spring5.view.ThymeleafView.render(ThymeleafView.java:190)
	at org.springframework.web.servlet.DispatcherServlet.render(DispatcherServlet.java:1396)
	at org.springframework.web.servlet.DispatcherServlet.processDispatchResult(DispatcherServlet.java:1141)
	at org.springframework.web.servlet.DispatcherServlet.doDispatch(DispatcherServlet.java:1080)
	at org.springframework.web.servlet.DispatcherServlet.doService(DispatcherServlet.java:963)
	at org.springframework.web.servlet.FrameworkServlet.processRequest(FrameworkServlet.java:1006)
	at org.springframework.web.servlet.FrameworkServlet.doGet(FrameworkServlet.java:898)
	at javax.servlet.http.HttpServlet.service(HttpServlet.java:626)
	at org.springframework.web.servlet.FrameworkServlet.service(FrameworkServlet.java:883)
	at javax.servlet.http.HttpServlet.service(HttpServlet.java:733)
	at org.apache.catalina.core.ApplicationFilterChain.internalDoFilter(ApplicationFilterChain.java:227)
	at org.apache.catalina.core.ApplicationFilterChain.doFilter(ApplicationFilterChain.java:162)
	at org.apache.tomcat.websocket.server.WsFilter.doFilter(WsFilter.java:53)
	at org.apache.catalina.core.ApplicationFilterChain.internalDoFilter(ApplicationFilterChain.java:189)
	at org.apache.catalina.core.ApplicationFilterChain.doFilter(ApplicationFilterChain.java:162)
	at org.springframework.web.filter.RequestContextFilter.doFilterInternal(RequestContextFilter.java:100)
	at org.springframework.web.filter.OncePerRequestFilter.doFilter(OncePerRequestFilter.java:119)
	at org.apache.catalina.core.ApplicationFilterChain.internalDoFilter(ApplicationFilterChain.java:189)
	at org.apache.catalina.core.ApplicationFilterChain.doFilter(ApplicationFilterChain.java:162)
	at org.springframework.web.filter.FormContentFilter.doFilterInternal(FormContentFilter.java:93)
	at org.springframework.web.filter.OncePerRequestFilter.doFilter(OncePerRequestFilter.java:119)
	at org.apache.catalina.core.ApplicationFilterChain.internalDoFilter(ApplicationFilterChain.java:189)
	at org.apache.catalina.core.ApplicationFilterChain.doFilter(ApplicationFilterChain.java:162)
	at org.springframework.web.filter.CharacterEncodingFilter.doFilterInternal(CharacterEncodingFilter.java:201)
	at org.springframework.web.filter.OncePerRequestFilter.doFilter(OncePerRequestFilter.java:119)
	at org.apache.catalina.core.ApplicationFilterChain.internalDoFilter(ApplicationFilterChain.java:189)
	at org.apache.catalina.core.ApplicationFilterChain.doFilter(ApplicationFilterChain.java:162)
	at org.apache.catalina.core.StandardWrapperValve.invoke(StandardWrapperValve.java:202)
	at org.apache.catalina.core.StandardContextValve.invoke(StandardContextValve.java:97)
	at org.apache.catalina.authenticator.AuthenticatorBase.invoke(AuthenticatorBase.java:542)
	at org.apache.catalina.core.StandardHostValve.invoke(StandardHostValve.java:143)
	at org.apache.catalina.valves.ErrorReportValve.invoke(ErrorReportValve.java:92)
	at org.apache.catalina.core.StandardEngineValve.invoke(StandardEngineValve.java:78)
	at org.apache.catalina.connector.CoyoteAdapter.service(CoyoteAdapter.java:357)
	at org.apache.coyote.http11.Http11Processor.service(Http11Processor.java:374)
	at org.apache.coyote.AbstractProcessorLight.process(AbstractProcessorLight.java:65)
	at org.apache.coyote.AbstractProtocol$ConnectionHandler.process(AbstractProtocol.java:893)
	at org.apache.tomcat.util.net.NioEndpoint$SocketProcessor.doRun(NioEndpoint.java:1707)
	at org.apache.tomcat.util.net.SocketProcessorBase.run(SocketProcessorBase.java:49)
	at java.util.concurrent.ThreadPoolExecutor.runWorker(ThreadPoolExecutor.java:1149)
	at java.util.concurrent.ThreadPoolExecutor$Worker.run(ThreadPoolExecutor.java:624)
	at org.apache.tomcat.util.threads.TaskThread$WrappingRunnable.run(TaskThread.java:61)
	at java.lang.Thread.run(Thread.java:748)
Caused by: org.attoparser.ParseException: Error resolving fragment: "~{'components/main/loader' :: Loader}": template or fragment could not be resolved (template: "body/base" - line 8, col 14)
	at org.attoparser.MarkupParser.parseDocument(MarkupParser.java:393)
	at org.attoparser.MarkupParser.parse(MarkupParser.java:257)
	at org.thymeleaf.templateparser.markup.AbstractMarkupTemplateParser.parse(AbstractMarkupTemplateParser.java:230)
	... 48 common frames omitted
Caused by: org.thymeleaf.exceptions.TemplateInputException: Error resolving fragment: "~{'components/main/loader' :: Loader}": template or fragment could not be resolved (template: "body/base" - line 8, col 14)
	at org.thymeleaf.standard.expression.FragmentExpression.resolveExecutedFragmentExpression(FragmentExpression.java:619)
	at org.thymeleaf.standard.processor.AbstractStandardFragmentInsertionTagProcessor.computeFragment(AbstractStandardFragmentInsertionTagProcessor.java:379)
	at org.thymeleaf.standard.processor.AbstractStandardFragmentInsertionTagProcessor.doProcess(AbstractStandardFragmentInsertionTagProcessor.java:110)
	at org.thymeleaf.processor.element.AbstractAttributeTagProcessor.doProcess(AbstractAttributeTagProcessor.java:74)
	at org.thymeleaf.processor.element.AbstractElementTagProcessor.process(AbstractElementTagProcessor.java:95)
	at org.thymeleaf.util.ProcessorConfigurationUtils$ElementTagProcessorWrapper.process(ProcessorConfigurationUtils.java:633)
	at org.thymeleaf.engine.ProcessorTemplateHandler.handleStandaloneElement(ProcessorTemplateHandler.java:918)
	at org.thymeleaf.engine.StandaloneElementTag.beHandled(StandaloneElementTag.java:228)
	at org.thymeleaf.engine.Model.process(Model.java:282)
	at org.thymeleaf.engine.ProcessorTemplateHandler.handleStandaloneElement(ProcessorTemplateHandler.java:1204)
	at org.thymeleaf.engine.TemplateHandlerAdapterMarkupHandler.handleStandaloneElementEnd(TemplateHandlerAdapterMarkupHandler.java:260)
	at org.thymeleaf.templateparser.markup.InlinedOutputExpressionMarkupHandler$InlineMarkupAdapterPreProcessorHandler.handleStandaloneElementEnd(InlinedOutputExpressionMarkupHandler.java:256)
	at org.thymeleaf.standard.inline.OutputExpressionInlinePreProcessorHandler.handleStandaloneElementEnd(OutputExpressionInlinePreProcessorHandler.java:169)
	at org.thymeleaf.templateparser.markup.InlinedOutputExpressionMarkupHandler.handleStandaloneElementEnd(InlinedOutputExpressionMarkupHandler.java:104)
	at org.attoparser.HtmlElement.handleStandaloneElementEnd(HtmlElement.java:79)
	at org.attoparser.HtmlMarkupHandler.handleStandaloneElementEnd(HtmlMarkupHandler.java:241)
	at org.attoparser.MarkupEventProcessorHandler.handleStandaloneElementEnd(MarkupEventProcessorHandler.java:327)
	at org.attoparser.ParsingElementMarkupUtil.parseStandaloneElement(ParsingElementMarkupUtil.java:96)
	at org.attoparser.MarkupParser.parseBuffer(MarkupParser.java:706)
	at org.attoparser.MarkupParser.parseDocument(MarkupParser.java:301)
	... 50 common frames omitted
2021-06-30 16:36:43 [ERROR] [DirectJDKLog.java]log(175) : Servlet.service() for servlet [dispatcherServlet] in context with path [] threw exception [Request processing failed; nested exception is org.thymeleaf.exceptions.TemplateInputException: An error happened during template parsing (template: "class path resource [templates/index.html]")] with root cause
org.thymeleaf.exceptions.TemplateInputException: Error resolving fragment: "~{'components/main/loader' :: Loader}": template or fragment could not be resolved (template: "body/base" - line 8, col 14)
	at org.thymeleaf.standard.expression.FragmentExpression.resolveExecutedFragmentExpression(FragmentExpression.java:619)
	at org.thymeleaf.standard.processor.AbstractStandardFragmentInsertionTagProcessor.computeFragment(AbstractStandardFragmentInsertionTagProcessor.java:379)
	at org.thymeleaf.standard.processor.AbstractStandardFragmentInsertionTagProcessor.doProcess(AbstractStandardFragmentInsertionTagProcessor.java:110)
	at org.thymeleaf.processor.element.AbstractAttributeTagProcessor.doProcess(AbstractAttributeTagProcessor.java:74)
	at org.thymeleaf.processor.element.AbstractElementTagProcessor.process(AbstractElementTagProcessor.java:95)
	at org.thymeleaf.util.ProcessorConfigurationUtils$ElementTagProcessorWrapper.process(ProcessorConfigurationUtils.java:633)
	at org.thymeleaf.engine.ProcessorTemplateHandler.handleStandaloneElement(ProcessorTemplateHandler.java:918)
	at org.thymeleaf.engine.StandaloneElementTag.beHandled(StandaloneElementTag.java:228)
	at org.thymeleaf.engine.Model.process(Model.java:282)
	at org.thymeleaf.engine.ProcessorTemplateHandler.handleStandaloneElement(ProcessorTemplateHandler.java:1204)
	at org.thymeleaf.engine.TemplateHandlerAdapterMarkupHandler.handleStandaloneElementEnd(TemplateHandlerAdapterMarkupHandler.java:260)
	at org.thymeleaf.templateparser.markup.InlinedOutputExpressionMarkupHandler$InlineMarkupAdapterPreProcessorHandler.handleStandaloneElementEnd(InlinedOutputExpressionMarkupHandler.java:256)
	at org.thymeleaf.standard.inline.OutputExpressionInlinePreProcessorHandler.handleStandaloneElementEnd(OutputExpressionInlinePreProcessorHandler.java:169)
	at org.thymeleaf.templateparser.markup.InlinedOutputExpressionMarkupHandler.handleStandaloneElementEnd(InlinedOutputExpressionMarkupHandler.java:104)
	at org.attoparser.HtmlElement.handleStandaloneElementEnd(HtmlElement.java:79)
	at org.attoparser.HtmlMarkupHandler.handleStandaloneElementEnd(HtmlMarkupHandler.java:241)
	at org.attoparser.MarkupEventProcessorHandler.handleStandaloneElementEnd(MarkupEventProcessorHandler.java:327)
	at org.attoparser.ParsingElementMarkupUtil.parseStandaloneElement(ParsingElementMarkupUtil.java:96)
	at org.attoparser.MarkupParser.parseBuffer(MarkupParser.java:706)
	at org.attoparser.MarkupParser.parseDocument(MarkupParser.java:301)
	at org.attoparser.MarkupParser.parse(MarkupParser.java:257)
	at org.thymeleaf.templateparser.markup.AbstractMarkupTemplateParser.parse(AbstractMarkupTemplateParser.java:230)
	at org.thymeleaf.templateparser.markup.AbstractMarkupTemplateParser.parseStandalone(AbstractMarkupTemplateParser.java:100)
	at org.thymeleaf.engine.TemplateManager.parseAndProcess(TemplateManager.java:666)
	at org.thymeleaf.TemplateEngine.process(TemplateEngine.java:1098)
	at org.thymeleaf.TemplateEngine.process(TemplateEngine.java:1072)
	at org.thymeleaf.spring5.view.ThymeleafView.renderFragment(ThymeleafView.java:366)
	at org.thymeleaf.spring5.view.ThymeleafView.render(ThymeleafView.java:190)
	at org.springframework.web.servlet.DispatcherServlet.render(DispatcherServlet.java:1396)
	at org.springframework.web.servlet.DispatcherServlet.processDispatchResult(DispatcherServlet.java:1141)
	at org.springframework.web.servlet.DispatcherServlet.doDispatch(DispatcherServlet.java:1080)
	at org.springframework.web.servlet.DispatcherServlet.doService(DispatcherServlet.java:963)
	at org.springframework.web.servlet.FrameworkServlet.processRequest(FrameworkServlet.java:1006)
	at org.springframework.web.servlet.FrameworkServlet.doGet(FrameworkServlet.java:898)
	at javax.servlet.http.HttpServlet.service(HttpServlet.java:626)
	at org.springframework.web.servlet.FrameworkServlet.service(FrameworkServlet.java:883)
	at javax.servlet.http.HttpServlet.service(HttpServlet.java:733)
	at org.apache.catalina.core.ApplicationFilterChain.internalDoFilter(ApplicationFilterChain.java:227)
	at org.apache.catalina.core.ApplicationFilterChain.doFilter(ApplicationFilterChain.java:162)
	at org.apache.tomcat.websocket.server.WsFilter.doFilter(WsFilter.java:53)
	at org.apache.catalina.core.ApplicationFilterChain.internalDoFilter(ApplicationFilterChain.java:189)
	at org.apache.catalina.core.ApplicationFilterChain.doFilter(ApplicationFilterChain.java:162)
	at org.springframework.web.filter.RequestContextFilter.doFilterInternal(RequestContextFilter.java:100)
	at org.springframework.web.filter.OncePerRequestFilter.doFilter(OncePerRequestFilter.java:119)
	at org.apache.catalina.core.ApplicationFilterChain.internalDoFilter(ApplicationFilterChain.java:189)
	at org.apache.catalina.core.ApplicationFilterChain.doFilter(ApplicationFilterChain.java:162)
	at org.springframework.web.filter.FormContentFilter.doFilterInternal(FormContentFilter.java:93)
	at org.springframework.web.filter.OncePerRequestFilter.doFilter(OncePerRequestFilter.java:119)
	at org.apache.catalina.core.ApplicationFilterChain.internalDoFilter(ApplicationFilterChain.java:189)
	at org.apache.catalina.core.ApplicationFilterChain.doFilter(ApplicationFilterChain.java:162)
	at org.springframework.web.filter.CharacterEncodingFilter.doFilterInternal(CharacterEncodingFilter.java:201)
	at org.springframework.web.filter.OncePerRequestFilter.doFilter(OncePerRequestFilter.java:119)
	at org.apache.catalina.core.ApplicationFilterChain.internalDoFilter(ApplicationFilterChain.java:189)
	at org.apache.catalina.core.ApplicationFilterChain.doFilter(ApplicationFilterChain.java:162)
	at org.apache.catalina.core.StandardWrapperValve.invoke(StandardWrapperValve.java:202)
	at org.apache.catalina.core.StandardContextValve.invoke(StandardContextValve.java:97)
	at org.apache.catalina.authenticator.AuthenticatorBase.invoke(AuthenticatorBase.java:542)
	at org.apache.catalina.core.StandardHostValve.invoke(StandardHostValve.java:143)
	at org.apache.catalina.valves.ErrorReportValve.invoke(ErrorReportValve.java:92)
	at org.apache.catalina.core.StandardEngineValve.invoke(StandardEngineValve.java:78)
	at org.apache.catalina.connector.CoyoteAdapter.service(CoyoteAdapter.java:357)
	at org.apache.coyote.http11.Http11Processor.service(Http11Processor.java:374)
	at org.apache.coyote.AbstractProcessorLight.process(AbstractProcessorLight.java:65)
	at org.apache.coyote.AbstractProtocol$ConnectionHandler.process(AbstractProtocol.java:893)
	at org.apache.tomcat.util.net.NioEndpoint$SocketProcessor.doRun(NioEndpoint.java:1707)
	at org.apache.tomcat.util.net.SocketProcessorBase.run(SocketProcessorBase.java:49)
	at java.util.concurrent.ThreadPoolExecutor.runWorker(ThreadPoolExecutor.java:1149)
	at java.util.concurrent.ThreadPoolExecutor$Worker.run(ThreadPoolExecutor.java:624)
	at org.apache.tomcat.util.threads.TaskThread$WrappingRunnable.run(TaskThread.java:61)
	at java.lang.Thread.run(Thread.java:748)
2021-06-30 16:36:43 [INFO ] [ErrorExceptionConfig.java]handleError(47) : ########## ERROR!!! ##########
2021-06-30 16:36:43 [INFO ] [ErrorExceptionConfig.java]handleError(48) : 에러 구분  : 200
2021-06-30 16:36:43 [INFO ] [ErrorExceptionConfig.java]handleError(49) : 발생일     : 20210630 04:36
2021-06-30 16:36:43 [INFO ] [ErrorExceptionConfig.java]handleError(50) : ##############################
2021-06-30 16:36:43 [INFO ] [ErrorExceptionConfig.java]handleError(33) : ########## ERROR!!! ##########
2021-06-30 16:36:43 [INFO ] [ErrorExceptionConfig.java]handleError(34) : 에러 구분  : 404
2021-06-30 16:36:43 [INFO ] [ErrorExceptionConfig.java]handleError(35) : 발생일     : 20210630 04:36
2021-06-30 16:36:43 [INFO ] [ErrorExceptionConfig.java]handleError(36) : ##############################
2021-06-30 16:36:44 [INFO ] [ErrorExceptionConfig.java]handleError(33) : ########## ERROR!!! ##########
2021-06-30 16:36:44 [INFO ] [ErrorExceptionConfig.java]handleError(34) : 에러 구분  : 404
2021-06-30 16:36:44 [INFO ] [ErrorExceptionConfig.java]handleError(35) : 발생일     : 20210630 04:36
2021-06-30 16:36:44 [INFO ] [ErrorExceptionConfig.java]handleError(36) : ##############################
2021-06-30 16:37:23 [INFO ] [StartupInfoLogger.java]logStarting(55) : Starting BlogApplication using Java 1.8.0_292 on DESKTOP-1LJLV0R with PID 18228 (C:\Users\uk959\IdeaProjects\blog\build\classes\java\main started by uk959 in C:\Users\uk959\IdeaProjects\blog)
2021-06-30 16:37:23 [INFO ] [SpringApplication.java]logStartupProfileInfo(663) : No active profile set, falling back to default profiles: default
2021-06-30 16:37:24 [WARN ] [Logger.java]warn(44) : No MyBatis mapper was found in '[com.blog.mapper.*]' package. Please check your configuration.
2021-06-30 16:37:25 [WARN ] [Logger.java]warn(44) : Property 'mapperLocations' was specified but matching resources are not found.
2021-06-30 16:37:25 [INFO ] [StartupInfoLogger.java]logStarted(61) : Started BlogApplication in 2.926 seconds (JVM running for 4.398)
2021-06-30 16:37:26 [INFO ] [ErrorExceptionConfig.java]handleError(33) : ########## ERROR!!! ##########
2021-06-30 16:37:26 [INFO ] [ErrorExceptionConfig.java]handleError(34) : 에러 구분  : 404
2021-06-30 16:37:26 [INFO ] [ErrorExceptionConfig.java]handleError(35) : 발생일     : 20210630 04:37
2021-06-30 16:37:26 [INFO ] [ErrorExceptionConfig.java]handleError(36) : ##############################
2021-06-30 16:37:26 [INFO ] [ErrorExceptionConfig.java]handleError(33) : ########## ERROR!!! ##########
2021-06-30 16:37:26 [INFO ] [ErrorExceptionConfig.java]handleError(34) : 에러 구분  : 404
2021-06-30 16:37:26 [INFO ] [ErrorExceptionConfig.java]handleError(35) : 발생일     : 20210630 04:37
2021-06-30 16:37:26 [INFO ] [ErrorExceptionConfig.java]handleError(36) : ##############################
2021-06-30 16:37:31 [INFO ] [ErrorExceptionConfig.java]handleError(33) : ########## ERROR!!! ##########
2021-06-30 16:37:31 [INFO ] [ErrorExceptionConfig.java]handleError(34) : 에러 구분  : 404
2021-06-30 16:37:31 [INFO ] [ErrorExceptionConfig.java]handleError(35) : 발생일     : 20210630 04:37
2021-06-30 16:37:31 [INFO ] [ErrorExceptionConfig.java]handleError(36) : ##############################
2021-06-30 16:37:31 [INFO ] [ErrorExceptionConfig.java]handleError(33) : ########## ERROR!!! ##########
2021-06-30 16:37:31 [INFO ] [ErrorExceptionConfig.java]handleError(34) : 에러 구분  : 404
2021-06-30 16:37:31 [INFO ] [ErrorExceptionConfig.java]handleError(35) : 발생일     : 20210630 04:37
2021-06-30 16:37:31 [INFO ] [ErrorExceptionConfig.java]handleError(36) : ##############################
2021-06-30 16:37:34 [INFO ] [ErrorExceptionConfig.java]handleError(33) : ########## ERROR!!! ##########
2021-06-30 16:37:34 [INFO ] [ErrorExceptionConfig.java]handleError(34) : 에러 구분  : 404
2021-06-30 16:37:34 [INFO ] [ErrorExceptionConfig.java]handleError(35) : 발생일     : 20210630 04:37
2021-06-30 16:37:34 [INFO ] [ErrorExceptionConfig.java]handleError(36) : ##############################
2021-06-30 16:37:35 [INFO ] [ErrorExceptionConfig.java]handleError(33) : ########## ERROR!!! ##########
2021-06-30 16:37:35 [INFO ] [ErrorExceptionConfig.java]handleError(34) : 에러 구분  : 404
2021-06-30 16:37:35 [INFO ] [ErrorExceptionConfig.java]handleError(35) : 발생일     : 20210630 04:37
2021-06-30 16:37:35 [INFO ] [ErrorExceptionConfig.java]handleError(36) : ##############################
2021-06-30 16:37:58 [INFO ] [StartupInfoLogger.java]logStarting(55) : Starting BlogApplication using Java 1.8.0_292 on DESKTOP-1LJLV0R with PID 17492 (C:\Users\uk959\IdeaProjects\blog\build\classes\java\main started by uk959 in C:\Users\uk959\IdeaProjects\blog)
2021-06-30 16:37:58 [INFO ] [SpringApplication.java]logStartupProfileInfo(663) : No active profile set, falling back to default profiles: default
2021-06-30 16:37:59 [WARN ] [Logger.java]warn(44) : No MyBatis mapper was found in '[com.blog.mapper.*]' package. Please check your configuration.
2021-06-30 16:38:00 [WARN ] [Logger.java]warn(44) : Property 'mapperLocations' was specified but matching resources are not found.
2021-06-30 16:38:00 [INFO ] [StartupInfoLogger.java]logStarted(61) : Started BlogApplication in 3.053 seconds (JVM running for 4.433)
2021-06-30 16:38:01 [INFO ] [ErrorExceptionConfig.java]handleError(33) : ########## ERROR!!! ##########
2021-06-30 16:38:01 [INFO ] [ErrorExceptionConfig.java]handleError(34) : 에러 구분  : 404
2021-06-30 16:38:01 [INFO ] [ErrorExceptionConfig.java]handleError(35) : 발생일     : 20210630 04:38
2021-06-30 16:38:01 [INFO ] [ErrorExceptionConfig.java]handleError(36) : ##############################
2021-06-30 16:38:01 [INFO ] [ErrorExceptionConfig.java]handleError(33) : ########## ERROR!!! ##########
2021-06-30 16:38:01 [INFO ] [ErrorExceptionConfig.java]handleError(34) : 에러 구분  : 404
2021-06-30 16:38:01 [INFO ] [ErrorExceptionConfig.java]handleError(35) : 발생일     : 20210630 04:38
2021-06-30 16:38:01 [INFO ] [ErrorExceptionConfig.java]handleError(36) : ##############################
2021-06-30 16:42:24 [INFO ] [StartupInfoLogger.java]logStarting(55) : Starting BlogApplication using Java 1.8.0_292 on DESKTOP-1LJLV0R with PID 18652 (C:\Users\uk959\IdeaProjects\blog\build\classes\java\main started by uk959 in C:\Users\uk959\IdeaProjects\blog)
2021-06-30 16:42:24 [INFO ] [SpringApplication.java]logStartupProfileInfo(663) : No active profile set, falling back to default profiles: default
2021-06-30 16:42:25 [WARN ] [Logger.java]warn(44) : No MyBatis mapper was found in '[com.blog.mapper.*]' package. Please check your configuration.
2021-06-30 16:42:25 [WARN ] [Logger.java]warn(44) : Property 'mapperLocations' was specified but matching resources are not found.
2021-06-30 16:42:26 [INFO ] [StartupInfoLogger.java]logStarted(61) : Started BlogApplication in 2.986 seconds (JVM running for 4.541)
2021-06-30 16:45:22 [INFO ] [StartupInfoLogger.java]logStarting(55) : Starting BlogApplication using Java 1.8.0_292 on DESKTOP-1LJLV0R with PID 15708 (C:\Users\uk959\IdeaProjects\blog\build\classes\java\main started by uk959 in C:\Users\uk959\IdeaProjects\blog)
2021-06-30 16:45:22 [INFO ] [SpringApplication.java]logStartupProfileInfo(663) : No active profile set, falling back to default profiles: default
2021-06-30 16:45:22 [WARN ] [Logger.java]warn(44) : No MyBatis mapper was found in '[com.blog.mapper.*]' package. Please check your configuration.
2021-06-30 16:45:23 [WARN ] [Logger.java]warn(44) : Property 'mapperLocations' was specified but matching resources are not found.
2021-06-30 16:45:24 [INFO ] [StartupInfoLogger.java]logStarted(61) : Started BlogApplication in 3.232 seconds (JVM running for 5.226)
2021-06-30 16:48:20 [INFO ] [StartupInfoLogger.java]logStarting(55) : Starting BlogApplication using Java 1.8.0_292 on DESKTOP-1LJLV0R with PID 29536 (C:\Users\uk959\IdeaProjects\blog\build\classes\java\main started by uk959 in C:\Users\uk959\IdeaProjects\blog)
2021-06-30 16:48:20 [INFO ] [SpringApplication.java]logStartupProfileInfo(663) : No active profile set, falling back to default profiles: default
2021-06-30 16:48:20 [WARN ] [Logger.java]warn(44) : No MyBatis mapper was found in '[com.blog.mapper.*]' package. Please check your configuration.
2021-06-30 16:48:21 [WARN ] [Logger.java]warn(44) : Property 'mapperLocations' was specified but matching resources are not found.
2021-06-30 16:48:22 [INFO ] [StartupInfoLogger.java]logStarted(61) : Started BlogApplication in 2.877 seconds (JVM running for 4.332)
2021-06-30 16:48:36 [INFO ] [StartupInfoLogger.java]logStarting(55) : Starting BlogApplication using Java 1.8.0_292 on DESKTOP-1LJLV0R with PID 21448 (C:\Users\uk959\IdeaProjects\blog\build\classes\java\main started by uk959 in C:\Users\uk959\IdeaProjects\blog)
2021-06-30 16:48:36 [INFO ] [SpringApplication.java]logStartupProfileInfo(663) : No active profile set, falling back to default profiles: default
2021-06-30 16:48:37 [WARN ] [Logger.java]warn(44) : No MyBatis mapper was found in '[com.blog.mapper.*]' package. Please check your configuration.
2021-06-30 16:48:38 [WARN ] [Logger.java]warn(44) : Property 'mapperLocations' was specified but matching resources are not found.
2021-06-30 16:48:38 [INFO ] [StartupInfoLogger.java]logStarted(61) : Started BlogApplication in 2.887 seconds (JVM running for 4.409)
2021-06-30 16:50:00 [INFO ] [StartupInfoLogger.java]logStarting(55) : Starting BlogApplication using Java 1.8.0_292 on DESKTOP-1LJLV0R with PID 13544 (C:\Users\uk959\IdeaProjects\blog\build\classes\java\main started by uk959 in C:\Users\uk959\IdeaProjects\blog)
2021-06-30 16:50:00 [INFO ] [SpringApplication.java]logStartupProfileInfo(663) : No active profile set, falling back to default profiles: default
2021-06-30 16:50:01 [WARN ] [Logger.java]warn(44) : No MyBatis mapper was found in '[com.blog.mapper.*]' package. Please check your configuration.
2021-06-30 16:50:01 [WARN ] [Logger.java]warn(44) : Property 'mapperLocations' was specified but matching resources are not found.
2021-06-30 16:50:02 [INFO ] [StartupInfoLogger.java]logStarted(61) : Started BlogApplication in 2.712 seconds (JVM running for 4.202)
2021-06-30 16:50:35 [INFO ] [StartupInfoLogger.java]logStarting(55) : Starting BlogApplication using Java 1.8.0_292 on DESKTOP-1LJLV0R with PID 27516 (C:\Users\uk959\IdeaProjects\blog\build\classes\java\main started by uk959 in C:\Users\uk959\IdeaProjects\blog)
2021-06-30 16:50:35 [INFO ] [SpringApplication.java]logStartupProfileInfo(663) : No active profile set, falling back to default profiles: default
2021-06-30 16:50:36 [WARN ] [Logger.java]warn(44) : No MyBatis mapper was found in '[com.blog.mapper.*]' package. Please check your configuration.
2021-06-30 16:50:36 [WARN ] [Logger.java]warn(44) : Property 'mapperLocations' was specified but matching resources are not found.
2021-06-30 16:50:37 [INFO ] [StartupInfoLogger.java]logStarted(61) : Started BlogApplication in 2.816 seconds (JVM running for 4.298)
